<?xml version="1.0" encoding="UTF-8"?>
<robot generator="Robot 3.2.1 (Python 3.8.4 on win32)" generated="20200724 11:57:39.541" rpa="false">
<suite id="s1" name="Tema" source="C:\Users\flavi\Desktop\PRACTICA\W3\Tema\Tema.robot">
<test id="s1-t1" name="Plasare Comanda">
<kw name="Open SauceDemo" library="Resources">
<kw name="Open Browser" library="SeleniumLibrary">
<doc>Opens a new browser instance to the optional ``url``.</doc>
<arguments>
<arg>https://www.saucedemo.com/</arg>
<arg>chrome</arg>
</arguments>
<msg timestamp="20200724 11:57:39.773" level="INFO">Opening browser 'chrome' to base url 'https://www.saucedemo.com/'.</msg>
<status status="PASS" starttime="20200724 11:57:39.772" endtime="20200724 11:57:43.869"></status>
</kw>
<status status="PASS" starttime="20200724 11:57:39.772" endtime="20200724 11:57:43.869"></status>
</kw>
<kw name="Login" library="Resources">
<arguments>
<arg>standard_user</arg>
<arg>secret_sauce</arg>
</arguments>
<kw name="Input Text" library="SeleniumLibrary">
<doc>Types the given ``text`` into the text field identified by ``locator``.</doc>
<arguments>
<arg>//*[@id="user-name"]</arg>
<arg>${myUser}</arg>
</arguments>
<msg timestamp="20200724 11:57:43.870" level="INFO">Typing text 'standard_user' into text field '//*[@id="user-name"]'.</msg>
<status status="PASS" starttime="20200724 11:57:43.870" endtime="20200724 11:57:43.983"></status>
</kw>
<kw name="Input Text" library="SeleniumLibrary">
<doc>Types the given ``text`` into the text field identified by ``locator``.</doc>
<arguments>
<arg>//*[@id="password"]</arg>
<arg>${myPassword}</arg>
</arguments>
<msg timestamp="20200724 11:57:43.983" level="INFO">Typing text 'secret_sauce' into text field '//*[@id="password"]'.</msg>
<status status="PASS" starttime="20200724 11:57:43.983" endtime="20200724 11:57:44.083"></status>
</kw>
<kw name="Click Button" library="SeleniumLibrary">
<doc>Clicks the button identified by ``locator``.</doc>
<arguments>
<arg>//*[@id="login-button"]</arg>
</arguments>
<msg timestamp="20200724 11:57:44.084" level="INFO">Clicking button '//*[@id="login-button"]'.</msg>
<status status="PASS" starttime="20200724 11:57:44.084" endtime="20200724 11:57:48.016"></status>
</kw>
<status status="PASS" starttime="20200724 11:57:43.870" endtime="20200724 11:57:48.016"></status>
</kw>
<kw name="Add Item to Cart" library="Resources">
<arguments>
<arg>${Onesie}</arg>
</arguments>
<kw name="Click Button" library="SeleniumLibrary">
<doc>Clicks the button identified by ``locator``.</doc>
<arguments>
<arg>${Product}</arg>
</arguments>
<msg timestamp="20200724 11:57:48.018" level="INFO">Clicking button '//*[@id="inventory_container"]/div/div[5]/div[3]/button'.</msg>
<status status="PASS" starttime="20200724 11:57:48.017" endtime="20200724 11:57:48.088"></status>
</kw>
<status status="PASS" starttime="20200724 11:57:48.017" endtime="20200724 11:57:48.088"></status>
</kw>
<kw name="Add Item to Cart" library="Resources">
<arguments>
<arg>${RedTshirt}</arg>
</arguments>
<kw name="Click Button" library="SeleniumLibrary">
<doc>Clicks the button identified by ``locator``.</doc>
<arguments>
<arg>${Product}</arg>
</arguments>
<msg timestamp="20200724 11:57:48.089" level="INFO">Clicking button '//*[@id="inventory_container"]/div/div[6]/div[3]/button'.</msg>
<status status="PASS" starttime="20200724 11:57:48.089" endtime="20200724 11:57:48.154"></status>
</kw>
<status status="PASS" starttime="20200724 11:57:48.088" endtime="20200724 11:57:48.154"></status>
</kw>
<kw name="Go To Checkout" library="Resources">
<kw name="Click Element" library="SeleniumLibrary">
<doc>Click the element identified by ``locator``.</doc>
<arguments>
<arg>//*[@id="shopping_cart_container"]/a</arg>
</arguments>
<msg timestamp="20200724 11:57:48.155" level="INFO">Clicking element '//*[@id="shopping_cart_container"]/a'.</msg>
<status status="PASS" starttime="20200724 11:57:48.155" endtime="20200724 11:57:48.407"></status>
</kw>
<kw name="Click Element" library="SeleniumLibrary">
<doc>Click the element identified by ``locator``.</doc>
<arguments>
<arg>//*[@id="cart_contents_container"]/div/div[2]/a[2]</arg>
</arguments>
<msg timestamp="20200724 11:57:48.408" level="INFO">Clicking element '//*[@id="cart_contents_container"]/div/div[2]/a[2]'.</msg>
<status status="PASS" starttime="20200724 11:57:48.408" endtime="20200724 11:57:48.651"></status>
</kw>
<status status="PASS" starttime="20200724 11:57:48.154" endtime="20200724 11:57:48.651"></status>
</kw>
<kw name="Fill Order Details" library="Resources">
<arguments>
<arg>Flavius</arg>
<arg>Matheiu</arg>
<arg>123456</arg>
</arguments>
<kw name="Input Text" library="SeleniumLibrary">
<doc>Types the given ``text`` into the text field identified by ``locator``.</doc>
<arguments>
<arg>//*[@id="first-name"]</arg>
<arg>${Name1}</arg>
</arguments>
<msg timestamp="20200724 11:57:48.652" level="INFO">Typing text 'Flavius' into text field '//*[@id="first-name"]'.</msg>
<status status="PASS" starttime="20200724 11:57:48.652" endtime="20200724 11:57:48.792"></status>
</kw>
<kw name="Input Text" library="SeleniumLibrary">
<doc>Types the given ``text`` into the text field identified by ``locator``.</doc>
<arguments>
<arg>//*[@id="last-name"]</arg>
<arg>${Name2}</arg>
</arguments>
<msg timestamp="20200724 11:57:48.793" level="INFO">Typing text 'Matheiu' into text field '//*[@id="last-name"]'.</msg>
<status status="PASS" starttime="20200724 11:57:48.792" endtime="20200724 11:57:48.916"></status>
</kw>
<kw name="Input Text" library="SeleniumLibrary">
<doc>Types the given ``text`` into the text field identified by ``locator``.</doc>
<arguments>
<arg>//*[@id="postal-code"]</arg>
<arg>${Postal_code}</arg>
</arguments>
<msg timestamp="20200724 11:57:48.916" level="INFO">Typing text '123456' into text field '//*[@id="postal-code"]'.</msg>
<status status="PASS" starttime="20200724 11:57:48.916" endtime="20200724 11:57:49.020"></status>
</kw>
<kw name="Click Element" library="SeleniumLibrary">
<doc>Click the element identified by ``locator``.</doc>
<arguments>
<arg>//*[@id="checkout_info_container"]/div/form/div[2]/input</arg>
</arguments>
<msg timestamp="20200724 11:57:49.021" level="INFO">Clicking element '//*[@id="checkout_info_container"]/div/form/div[2]/input'.</msg>
<status status="PASS" starttime="20200724 11:57:49.021" endtime="20200724 11:57:49.294"></status>
</kw>
<status status="PASS" starttime="20200724 11:57:48.651" endtime="20200724 11:57:49.294"></status>
</kw>
<kw name="Verify Total Price" library="Resources">
<arguments>
<arg>${myPrice}</arg>
</arguments>
<kw name="Element Text Should Be" library="SeleniumLibrary">
<doc>Verifies that element ``locator`` contains exact the text ``expected``.</doc>
<arguments>
<arg>//*[@id="checkout_summary_container"]/div/div[2]/div[7]</arg>
<arg>Total: ${Price}</arg>
</arguments>
<msg timestamp="20200724 11:57:49.295" level="INFO">Verifying element '//*[@id="checkout_summary_container"]/div/div[2]/div[7]' contains exact text 'Total: $25.90'.</msg>
<status status="PASS" starttime="20200724 11:57:49.295" endtime="20200724 11:57:49.324"></status>
</kw>
<status status="PASS" starttime="20200724 11:57:49.295" endtime="20200724 11:57:49.324"></status>
</kw>
<kw name="Place Order" library="Resources">
<kw name="Click Element" library="SeleniumLibrary">
<doc>Click the element identified by ``locator``.</doc>
<arguments>
<arg>//*[@id="checkout_summary_container"]/div/div[2]/div[8]/a[2]</arg>
</arguments>
<msg timestamp="20200724 11:57:49.325" level="INFO">Clicking element '//*[@id="checkout_summary_container"]/div/div[2]/div[8]/a[2]'.</msg>
<status status="PASS" starttime="20200724 11:57:49.325" endtime="20200724 11:57:49.860"></status>
</kw>
<status status="PASS" starttime="20200724 11:57:49.324" endtime="20200724 11:57:49.860"></status>
</kw>
<kw name="Order Should be Confirmed" library="Resources">
<kw name="Element Text Should Be" library="SeleniumLibrary">
<doc>Verifies that element ``locator`` contains exact the text ``expected``.</doc>
<arguments>
<arg>//*[@id="checkout_complete_container"]/h2</arg>
<arg>THANK YOU FOR YOUR ORDER</arg>
</arguments>
<msg timestamp="20200724 11:57:49.861" level="INFO">Verifying element '//*[@id="checkout_complete_container"]/h2' contains exact text 'THANK YOU FOR YOUR ORDER'.</msg>
<status status="PASS" starttime="20200724 11:57:49.861" endtime="20200724 11:57:49.890"></status>
</kw>
<status status="PASS" starttime="20200724 11:57:49.860" endtime="20200724 11:57:49.891"></status>
</kw>
<kw name="Close Browser" library="SeleniumLibrary">
<doc>Closes the current browser.</doc>
<status status="PASS" starttime="20200724 11:57:49.891" endtime="20200724 11:57:52.019"></status>
</kw>
<status status="PASS" starttime="20200724 11:57:39.771" endtime="20200724 11:57:52.019" critical="yes"></status>
</test>
<status status="PASS" starttime="20200724 11:57:39.558" endtime="20200724 11:57:52.019"></status>
</suite>
<statistics>
<total>
<stat pass="1" fail="0">Critical Tests</stat>
<stat pass="1" fail="0">All Tests</stat>
</total>
<tag>
</tag>
<suite>
<stat pass="1" fail="0" id="s1" name="Tema">Tema</stat>
</suite>
</statistics>
<errors>
</errors>
</robot>
