<?xml version="1.0" encoding="UTF-8"?>
<robot generator="Robot 3.2.1 (Python 3.8.4 on win32)" generated="20200721 11:53:51.990" rpa="false">
<suite id="s1" name="Nokia" source="C:\Users\flavi\Desktop\Test1\nokia.robot">
<test id="s1-t1" name="Plasare Comanda">
<kw name="Open Browser" library="SeleniumLibrary">
<doc>Opens a new browser instance to the optional ``url``.</doc>
<arguments>
<arg>https://www.saucedemo.com/</arg>
<arg>chrome</arg>
</arguments>
<msg timestamp="20200721 11:53:52.329" level="INFO">Opening browser 'chrome' to base url 'https://www.saucedemo.com/'.</msg>
<status status="PASS" starttime="20200721 11:53:52.328" endtime="20200721 11:53:56.145"></status>
</kw>
<kw name="Input Text" library="SeleniumLibrary">
<doc>Types the given ``text`` into the text field identified by ``locator``.</doc>
<arguments>
<arg>//*[@id="user-name"]</arg>
<arg>standard_user</arg>
</arguments>
<msg timestamp="20200721 11:53:56.149" level="INFO">Typing text 'standard_user' into text field '//*[@id="user-name"]'.</msg>
<status status="PASS" starttime="20200721 11:53:56.147" endtime="20200721 11:53:56.339"></status>
</kw>
<kw name="Input Text" library="SeleniumLibrary">
<doc>Types the given ``text`` into the text field identified by ``locator``.</doc>
<arguments>
<arg>//*[@id="password"]</arg>
<arg>secret_sauce</arg>
</arguments>
<msg timestamp="20200721 11:53:56.340" level="INFO">Typing text 'secret_sauce' into text field '//*[@id="password"]'.</msg>
<status status="PASS" starttime="20200721 11:53:56.340" endtime="20200721 11:53:56.502"></status>
</kw>
<kw name="Click Button" library="SeleniumLibrary">
<doc>Clicks the button identified by ``locator``.</doc>
<arguments>
<arg>//*[@id="login-button"]</arg>
</arguments>
<msg timestamp="20200721 11:53:56.504" level="INFO">Clicking button '//*[@id="login-button"]'.</msg>
<status status="PASS" starttime="20200721 11:53:56.503" endtime="20200721 11:53:58.931"></status>
</kw>
<kw name="Click Button" library="SeleniumLibrary">
<doc>Clicks the button identified by ``locator``.</doc>
<arguments>
<arg>//*[@id="inventory_container"]/div/div[5]/div[3]/button</arg>
</arguments>
<msg timestamp="20200721 11:53:58.937" level="INFO">Clicking button '//*[@id="inventory_container"]/div/div[5]/div[3]/button'.</msg>
<status status="PASS" starttime="20200721 11:53:58.936" endtime="20200721 11:53:59.116"></status>
</kw>
<kw name="Click Button" library="SeleniumLibrary">
<doc>Clicks the button identified by ``locator``.</doc>
<arguments>
<arg>//*[@id="inventory_container"]/div/div[6]/div[3]/button</arg>
</arguments>
<msg timestamp="20200721 11:53:59.118" level="INFO">Clicking button '//*[@id="inventory_container"]/div/div[6]/div[3]/button'.</msg>
<status status="PASS" starttime="20200721 11:53:59.117" endtime="20200721 11:53:59.202"></status>
</kw>
<kw name="Click Element" library="SeleniumLibrary">
<doc>Click the element identified by ``locator``.</doc>
<arguments>
<arg>//*[@id="shopping_cart_container"]/a</arg>
</arguments>
<msg timestamp="20200721 11:53:59.204" level="INFO">Clicking element '//*[@id="shopping_cart_container"]/a'.</msg>
<status status="PASS" starttime="20200721 11:53:59.203" endtime="20200721 11:53:59.392"></status>
</kw>
<kw name="Click Element" library="SeleniumLibrary">
<doc>Click the element identified by ``locator``.</doc>
<arguments>
<arg>//*[@id="cart_contents_container"]/div/div[2]/a[2]</arg>
</arguments>
<msg timestamp="20200721 11:53:59.394" level="INFO">Clicking element '//*[@id="cart_contents_container"]/div/div[2]/a[2]'.</msg>
<status status="PASS" starttime="20200721 11:53:59.393" endtime="20200721 11:53:59.690"></status>
</kw>
<kw name="Input Text" library="SeleniumLibrary">
<doc>Types the given ``text`` into the text field identified by ``locator``.</doc>
<arguments>
<arg>//*[@id="first-name"]</arg>
<arg>Flavius</arg>
</arguments>
<msg timestamp="20200721 11:53:59.691" level="INFO">Typing text 'Flavius' into text field '//*[@id="first-name"]'.</msg>
<status status="PASS" starttime="20200721 11:53:59.691" endtime="20200721 11:53:59.846"></status>
</kw>
<kw name="Input Text" library="SeleniumLibrary">
<doc>Types the given ``text`` into the text field identified by ``locator``.</doc>
<arguments>
<arg>//*[@id="last-name"]</arg>
<arg>Matheiu</arg>
</arguments>
<msg timestamp="20200721 11:53:59.848" level="INFO">Typing text 'Matheiu' into text field '//*[@id="last-name"]'.</msg>
<status status="PASS" starttime="20200721 11:53:59.847" endtime="20200721 11:53:59.974"></status>
</kw>
<kw name="Input Text" library="SeleniumLibrary">
<doc>Types the given ``text`` into the text field identified by ``locator``.</doc>
<arguments>
<arg>//*[@id="postal-code"]</arg>
<arg>100000</arg>
</arguments>
<msg timestamp="20200721 11:53:59.975" level="INFO">Typing text '100000' into text field '//*[@id="postal-code"]'.</msg>
<status status="PASS" starttime="20200721 11:53:59.974" endtime="20200721 11:54:00.115"></status>
</kw>
<kw name="Click Element" library="SeleniumLibrary">
<doc>Click the element identified by ``locator``.</doc>
<arguments>
<arg>//*[@id="checkout_info_container"]/div/form/div[2]/input</arg>
</arguments>
<msg timestamp="20200721 11:54:00.116" level="INFO">Clicking element '//*[@id="checkout_info_container"]/div/form/div[2]/input'.</msg>
<status status="PASS" starttime="20200721 11:54:00.116" endtime="20200721 11:54:00.399"></status>
</kw>
<kw name="Element Text Should Be" library="SeleniumLibrary">
<doc>Verifies that element ``locator`` contains exact the text ``expected``.</doc>
<arguments>
<arg>//*[@id="checkout_summary_container"]/div/div[2]/div[7]</arg>
<arg>Total: $25.90</arg>
</arguments>
<msg timestamp="20200721 11:54:00.400" level="INFO">Verifying element '//*[@id="checkout_summary_container"]/div/div[2]/div[7]' contains exact text 'Total: $25.90'.</msg>
<status status="PASS" starttime="20200721 11:54:00.400" endtime="20200721 11:54:00.448"></status>
</kw>
<kw name="Click Element" library="SeleniumLibrary">
<doc>Click the element identified by ``locator``.</doc>
<arguments>
<arg>//*[@id="checkout_summary_container"]/div/div[2]/div[8]/a[2]</arg>
</arguments>
<msg timestamp="20200721 11:54:00.449" level="INFO">Clicking element '//*[@id="checkout_summary_container"]/div/div[2]/div[8]/a[2]'.</msg>
<status status="PASS" starttime="20200721 11:54:00.448" endtime="20200721 11:54:00.757"></status>
</kw>
<kw name="Element Text Should Be" library="SeleniumLibrary">
<doc>Verifies that element ``locator`` contains exact the text ``expected``.</doc>
<arguments>
<arg>//*[@id="checkout_complete_container"]/h2</arg>
<arg>THANK YOU FOR YOUR ORDER</arg>
</arguments>
<msg timestamp="20200721 11:54:00.761" level="INFO">Verifying element '//*[@id="checkout_complete_container"]/h2' contains exact text 'THANK YOU FOR YOUR ORDER'.</msg>
<status status="PASS" starttime="20200721 11:54:00.760" endtime="20200721 11:54:00.801"></status>
</kw>
<kw name="Close Browser" library="SeleniumLibrary">
<doc>Closes the current browser.</doc>
<status status="PASS" starttime="20200721 11:54:00.802" endtime="20200721 11:54:02.987"></status>
</kw>
<status status="PASS" starttime="20200721 11:53:52.326" endtime="20200721 11:54:02.988" critical="yes"></status>
</test>
<status status="PASS" starttime="20200721 11:53:51.992" endtime="20200721 11:54:02.992"></status>
</suite>
<statistics>
<total>
<stat pass="1" fail="0">Critical Tests</stat>
<stat pass="1" fail="0">All Tests</stat>
</total>
<tag>
</tag>
<suite>
<stat pass="1" fail="0" id="s1" name="Nokia">Nokia</stat>
</suite>
</statistics>
<errors>
</errors>
</robot>
