<?xml version="1.0" encoding="UTF-8"?>
<robot generator="Robot 3.2.1 (Python 3.8.4 on win32)" generated="20200724 12:02:24.073" rpa="false">
<suite id="s1" name="TestBBC" source="C:\Users\flavi\Desktop\PRACTICA\W3\Tema_2\TestBBC.robot">
<test id="s1-t1" name="BBC Navigation">
<kw name="Open BBC Website" library="BBC">
<kw name="Open Browser" library="SeleniumLibrary">
<doc>Opens a new browser instance to the optional ``url``.</doc>
<arguments>
<arg>https://www.bbc.com/</arg>
<arg>chrome</arg>
</arguments>
<msg timestamp="20200724 12:02:24.289" level="INFO">Opening browser 'chrome' to base url 'https://www.bbc.com/'.</msg>
<status status="PASS" starttime="20200724 12:02:24.274" endtime="20200724 12:02:30.245"></status>
</kw>
<kw name="Maximize Browser Window" library="SeleniumLibrary">
<doc>Maximizes current browser window.</doc>
<status status="PASS" starttime="20200724 12:02:30.246" endtime="20200724 12:02:32.657"></status>
</kw>
<status status="PASS" starttime="20200724 12:02:24.274" endtime="20200724 12:02:32.658"></status>
</kw>
<kw name="Get To Weather Section" library="BBC">
<kw name="Click Element" library="SeleniumLibrary">
<doc>Click the element identified by ``locator``.</doc>
<arguments>
<arg>//*[@id="orb-nav-more"]/a</arg>
</arguments>
<msg timestamp="20200724 12:02:32.660" level="INFO">Clicking element '//*[@id="orb-nav-more"]/a'.</msg>
<status status="PASS" starttime="20200724 12:02:32.659" endtime="20200724 12:02:32.891"></status>
</kw>
<kw name="Click Element" library="SeleniumLibrary">
<doc>Click the element identified by ``locator``.</doc>
<arguments>
<arg>//*[@id="orb-panel-more"]/div/ul/li[11]/a</arg>
</arguments>
<msg timestamp="20200724 12:02:32.892" level="INFO">Clicking element '//*[@id="orb-panel-more"]/div/ul/li[11]/a'.</msg>
<status status="PASS" starttime="20200724 12:02:32.892" endtime="20200724 12:02:33.808"></status>
</kw>
<kw name="Wait Until Element Is Visible" library="SeleniumLibrary">
<doc>Waits until the element ``locator`` is visible.</doc>
<arguments>
<arg>//*[@id="bbccookies-continue-button"]</arg>
</arguments>
<status status="PASS" starttime="20200724 12:02:33.809" endtime="20200724 12:02:34.841"></status>
</kw>
<kw name="Click Element" library="SeleniumLibrary">
<doc>Click the element identified by ``locator``.</doc>
<arguments>
<arg>//*[@id="bbccookies-continue-button"]</arg>
</arguments>
<msg timestamp="20200724 12:02:34.842" level="INFO">Clicking element '//*[@id="bbccookies-continue-button"]'.</msg>
<status status="PASS" starttime="20200724 12:02:34.841" endtime="20200724 12:02:35.088"></status>
</kw>
<kw name="Wait Until Element Is Visible" library="SeleniumLibrary">
<doc>Waits until the element ``locator`` is visible.</doc>
<arguments>
<arg>//*[@id="wr-c-navigation-footer__title"]</arg>
</arguments>
<status status="PASS" starttime="20200724 12:02:35.088" endtime="20200724 12:02:35.318"></status>
</kw>
<kw name="Element Should Contain" library="SeleniumLibrary">
<doc>Verifies that element ``locator`` contains text ``expected``.</doc>
<arguments>
<arg>//*[@id="wr-c-navigation-footer__title"]</arg>
<arg>Weather</arg>
</arguments>
<msg timestamp="20200724 12:02:35.478" level="INFO">Element '//*[@id="wr-c-navigation-footer__title"]' contains text 'Weather'.</msg>
<status status="PASS" starttime="20200724 12:02:35.319" endtime="20200724 12:02:35.478"></status>
</kw>
<status status="PASS" starttime="20200724 12:02:32.658" endtime="20200724 12:02:35.479"></status>
</kw>
<kw name="Get The Weather For" library="BBC">
<arguments>
<arg>Arad</arg>
</arguments>
<kw name="Input Text" library="SeleniumLibrary">
<doc>Types the given ``text`` into the text field identified by ``locator``.</doc>
<arguments>
<arg>//*[@id="ls-c-search__input-label"]</arg>
<arg>${city}</arg>
</arguments>
<msg timestamp="20200724 12:02:35.480" level="INFO">Typing text 'Arad' into text field '//*[@id="ls-c-search__input-label"]'.</msg>
<status status="PASS" starttime="20200724 12:02:35.480" endtime="20200724 12:02:35.681"></status>
</kw>
<kw name="Click Element" library="SeleniumLibrary">
<doc>Click the element identified by ``locator``.</doc>
<arguments>
<arg>//*[@id="wr-location-search-container"]/div/div[1]/form/div/input</arg>
</arguments>
<msg timestamp="20200724 12:02:35.682" level="INFO">Clicking element '//*[@id="wr-location-search-container"]/div/div[1]/form/div/input'.</msg>
<status status="PASS" starttime="20200724 12:02:35.681" endtime="20200724 12:02:35.920"></status>
</kw>
<kw name="Wait Until Element Is Visible" library="SeleniumLibrary">
<doc>Waits until the element ``locator`` is visible.</doc>
<arguments>
<arg>//*[@id="wr-location-name-id"]</arg>
</arguments>
<status status="PASS" starttime="20200724 12:02:35.920" endtime="20200724 12:02:39.608"></status>
</kw>
<kw name="Element Should Contain" library="SeleniumLibrary">
<doc>Verifies that element ``locator`` contains text ``expected``.</doc>
<arguments>
<arg>//*[@id="wr-location-name-id"]</arg>
<arg>${city}</arg>
</arguments>
<msg timestamp="20200724 12:02:39.716" level="INFO">Element '//*[@id="wr-location-name-id"]' contains text 'Arad'.</msg>
<status status="PASS" starttime="20200724 12:02:39.608" endtime="20200724 12:02:39.716"></status>
</kw>
<kw name="Click Element" library="SeleniumLibrary">
<doc>Click the element identified by ``locator``.</doc>
<arguments>
<arg>//*[@id="wr-forecast"]/div[4]/div/div[1]/div[2]/div/div/div/div[3]/a/div/div[1]</arg>
</arguments>
<msg timestamp="20200724 12:02:39.717" level="INFO">Clicking element '//*[@id="wr-forecast"]/div[4]/div/div[1]/div[2]/div/div/div/div[3]/a/div/div[1]'.</msg>
<status status="PASS" starttime="20200724 12:02:39.717" endtime="20200724 12:02:39.952"></status>
</kw>
<kw name="Element Should Contain" library="SeleniumLibrary">
<doc>Verifies that element ``locator`` contains text ``expected``.</doc>
<arguments>
<arg>//*[@id="wr-forecast"]/div[4]/div/div[1]/div[2]/div/div/div/div[2]/ol/li[7]/button/div[1]/div[2]/div[1]</arg>
<arg>12</arg>
</arguments>
<msg timestamp="20200724 12:02:40.089" level="INFO">Element '//*[@id="wr-forecast"]/div[4]/div/div[1]/div[2]/div/div/div/div[2]/ol/li[7]/button/div[1]/div[2]/div[1]' contains text '12'.</msg>
<status status="PASS" starttime="20200724 12:02:39.953" endtime="20200724 12:02:40.090"></status>
</kw>
<status status="PASS" starttime="20200724 12:02:35.479" endtime="20200724 12:02:40.090"></status>
</kw>
<kw name="Go To Smart Guide To Climate Change" library="BBC">
<kw name="Click Element" library="SeleniumLibrary">
<doc>Click the element identified by ``locator``.</doc>
<arguments>
<arg>//*[@id="orb-nav-links"]/ul/li[7]/a</arg>
</arguments>
<msg timestamp="20200724 12:02:40.091" level="INFO">Clicking element '//*[@id="orb-nav-links"]/ul/li[7]/a'.</msg>
<status status="PASS" starttime="20200724 12:02:40.091" endtime="20200724 12:02:40.970"></status>
</kw>
<kw name="Wait Until Element Is Visible" library="SeleniumLibrary">
<doc>Waits until the element ``locator`` is visible.</doc>
<arguments>
<arg>//*[@id="root"]/div[2]/div/nav/div/div/div[3]</arg>
</arguments>
<status status="PASS" starttime="20200724 12:02:40.970" endtime="20200724 12:02:42.964"></status>
</kw>
<kw name="Click Element" library="SeleniumLibrary">
<doc>Click the element identified by ``locator``.</doc>
<arguments>
<arg>//*[@id="root"]/div[2]/div/nav/div/div/div[3]</arg>
</arguments>
<msg timestamp="20200724 12:02:42.964" level="INFO">Clicking element '//*[@id="root"]/div[2]/div/nav/div/div/div[3]'.</msg>
<status status="PASS" starttime="20200724 12:02:42.964" endtime="20200724 12:02:43.058"></status>
</kw>
<kw name="Wait Until Element Is Visible" library="SeleniumLibrary">
<doc>Waits until the element ``locator`` is visible.</doc>
<arguments>
<arg>//*[@id="nav-menu-links"]/a[9]</arg>
<arg>15</arg>
</arguments>
<status status="PASS" starttime="20200724 12:02:43.058" endtime="20200724 12:02:43.111"></status>
</kw>
<kw name="Element Should Contain" library="SeleniumLibrary">
<doc>Verifies that element ``locator`` contains text ``expected``.</doc>
<arguments>
<arg>//*[@id="nav-menu-links"]/a[9]</arg>
<arg>Smart Guide to Climate Change</arg>
</arguments>
<msg timestamp="20200724 12:02:43.264" level="INFO">Element '//*[@id="nav-menu-links"]/a[9]' contains text 'Smart Guide to Climate Change'.</msg>
<status status="PASS" starttime="20200724 12:02:43.111" endtime="20200724 12:02:43.264"></status>
</kw>
<kw name="Click Element" library="SeleniumLibrary">
<doc>Click the element identified by ``locator``.</doc>
<arguments>
<arg>//*[@id="nav-menu-links"]/a[9]</arg>
</arguments>
<msg timestamp="20200724 12:02:43.265" level="INFO">Clicking element '//*[@id="nav-menu-links"]/a[9]'.</msg>
<status status="PASS" starttime="20200724 12:02:43.264" endtime="20200724 12:02:43.384"></status>
</kw>
<status status="PASS" starttime="20200724 12:02:40.091" endtime="20200724 12:02:43.384"></status>
</kw>
<kw name="Search For" library="BBC">
<arguments>
<arg>Romania</arg>
</arguments>
<kw name="Input Text" library="SeleniumLibrary">
<doc>Types the given ``text`` into the text field identified by ``locator``.</doc>
<arguments>
<arg>//*[@id="orb-search-q"]</arg>
<arg>${country}</arg>
</arguments>
<msg timestamp="20200724 12:02:43.385" level="INFO">Typing text 'Romania' into text field '//*[@id="orb-search-q"]'.</msg>
<status status="PASS" starttime="20200724 12:02:43.385" endtime="20200724 12:02:43.557"></status>
</kw>
<kw name="Click Element" library="SeleniumLibrary">
<doc>Click the element identified by ``locator``.</doc>
<arguments>
<arg>//*[@id="orb-search-button"]</arg>
</arguments>
<msg timestamp="20200724 12:02:43.558" level="INFO">Clicking element '//*[@id="orb-search-button"]'.</msg>
<status status="PASS" starttime="20200724 12:02:43.557" endtime="20200724 12:02:45.668"></status>
</kw>
<kw name="Element Should Contain" library="SeleniumLibrary">
<doc>Verifies that element ``locator`` contains text ``expected``.</doc>
<arguments>
<arg>//*[@id="main-content"]/div/div[3]/div/div/ul/li[1]/div/div[1]/div[1]/p[1]/a/span</arg>
<arg>Deadly 60: Series 2: Romania</arg>
</arguments>
<msg timestamp="20200724 12:02:45.701" level="INFO">Element '//*[@id="main-content"]/div/div[3]/div/div/ul/li[1]/div/div[1]/div[1]/p[1]/a/span' contains text 'Deadly 60: Series 2: Romania'.</msg>
<status status="PASS" starttime="20200724 12:02:45.668" endtime="20200724 12:02:45.701"></status>
</kw>
<kw name="Log Title" library="SeleniumLibrary">
<doc>Logs and returns the title of the current page.</doc>
<msg timestamp="20200724 12:02:45.708" level="INFO">BBC - Search results for Romania</msg>
<status status="PASS" starttime="20200724 12:02:45.702" endtime="20200724 12:02:45.708"></status>
</kw>
<status status="PASS" starttime="20200724 12:02:43.384" endtime="20200724 12:02:45.709"></status>
</kw>
<kw name="Close Browser" library="SeleniumLibrary">
<doc>Closes the current browser.</doc>
<status status="PASS" starttime="20200724 12:02:45.709" endtime="20200724 12:02:47.946"></status>
</kw>
<status status="PASS" starttime="20200724 12:02:24.274" endtime="20200724 12:02:47.946" critical="yes"></status>
</test>
<status status="PASS" starttime="20200724 12:02:24.073" endtime="20200724 12:02:47.946"></status>
</suite>
<statistics>
<total>
<stat pass="1" fail="0">Critical Tests</stat>
<stat pass="1" fail="0">All Tests</stat>
</total>
<tag>
</tag>
<suite>
<stat pass="1" fail="0" id="s1" name="TestBBC">TestBBC</stat>
</suite>
</statistics>
<errors>
</errors>
</robot>
